{"code":"auth-code-","level":"info","message":"Zalo OAuth callback initiated","service":"football-backend","timestamp":"2026-06-22T09:29:36.738Z"}
{"level":"info","message":"Zalo user info fetched","service":"football-backend","timestamp":"2026-06-22T09:29:36.739Z","zalo_user_id":"zuid-001"}
{"endpoint":"/auth/zalo/callback","level":"error","message":"Unhandled error Cannot read properties of undefined (reading 'where')","service":"football-backend","stack":"TypeError: Cannot read properties of undefined (reading 'where')\n    at authHandler (/Users/dung_tt/Desktop/Freelances/my_football_team/backend/src/handlers/authHandler.js:27:31)\n    at processTicksAndRejections (node:internal/process/task_queues:104:5)\n    at Object.<anonymous> (/Users/dung_tt/Desktop/Freelances/my_football_team/backend/tests/handlers/authHandler.test.js:32:5)","timestamp":"2026-06-22T09:29:36.741Z"}
{"code":"auth-code-","level":"info","message":"Zalo OAuth callback initiated","service":"football-backend","timestamp":"2026-06-22T09:29:36.744Z"}
{"endpoint":"/auth/zalo/callback","level":"error","message":"Unhandled error Invalid code","service":"football-backend","stack":"Error: Invalid code\n    at Object.<anonymous> (/Users/dung_tt/Desktop/Freelances/my_football_team/backend/tests/handlers/authHandler.test.js:47:52)\n    at Promise.finally.completed (/Users/dung_tt/Desktop/Freelances/my_football_team/backend/node_modules/jest-circus/build/jestAdapterInit.js:1561:28)\n    at new Promise (<anonymous>)\n    at callAsyncCircusFn (/Users/dung_tt/Desktop/Freelances/my_football_team/backend/node_modules/jest-circus/build/jestAdapterInit.js:1501:10)\n    at _callCircusTest (/Users/dung_tt/Desktop/Freelances/my_football_team/backend/node_modules/jest-circus/build/jestAdapterInit.js:1011:40)\n    at processTicksAndRejections (node:internal/process/task_queues:104:5)\n    at _runTest (/Users/dung_tt/Desktop/Freelances/my_football_team/backend/node_modules/jest-circus/build/jestAdapterInit.js:951:3)\n    at /Users/dung_tt/Desktop/Freelances/my_football_team/backend/node_modules/jest-circus/build/jestAdapterInit.js:853:7\n    at _runTestsForDescribeBlock (/Users/dung_tt/Desktop/Freelances/my_football_team/backend/node_modules/jest-circus/build/jestAdapterInit.js:866:11)\n    at _runTestsForDescribeBlock (/Users/dung_tt/Desktop/Freelances/my_football_team/backend/node_modules/jest-circus/build/jestAdapterInit.js:861:11)\n    at run (/Users/dung_tt/Desktop/Freelances/my_football_team/backend/node_modules/jest-circus/build/jestAdapterInit.js:765:3)\n    at runAndTransformResultsToJestFormat (/Users/dung_tt/Desktop/Freelances/my_football_team/backend/node_modules/jest-circus/build/jestAdapterInit.js:1993:21)\n    at jestAdapter (/Users/dung_tt/Desktop/Freelances/my_football_team/backend/node_modules/jest-circus/build/runner.js:111:19)\n    at runTestInternal (/Users/dung_tt/Desktop/Freelances/my_football_team/backend/node_modules/jest-runner/build/index.js:276:16)\n    at runTest (/Users/dung_tt/Desktop/Freelances/my_football_team/backend/node_modules/jest-runner/build/index.js:344:7)","timestamp":"2026-06-22T09:29:36.744Z"}
{"code":"auth-code-","level":"info","message":"Zalo OAuth callback initiated","service":"football-backend","timestamp":"2026-06-22T09:30:08.585Z"}
{"level":"info","message":"Zalo user info fetched","service":"football-backend","timestamp":"2026-06-22T09:30:08.585Z","zalo_user_id":"zuid-001"}
{"error":"Cannot read properties of undefined (reading 'where')","level":"warn","message":"Database query failed, proceeding with new user creation","service":"football-backend","timestamp":"2026-06-22T09:30:08.586Z"}
{"email":"newuser@example.com","level":"info","message":"New user detected, creating team and user","service":"football-backend","timestamp":"2026-06-22T09:30:08.586Z","zalo_user_id":"zuid-001"}
{"level":"info","message":"User authenticated successfully","service":"football-backend","team_id":1,"timestamp":"2026-06-22T09:30:08.586Z","user_id":1}
{"code":"auth-code-","level":"info","message":"Zalo OAuth callback initiated","service":"football-backend","timestamp":"2026-06-22T09:30:08.587Z"}
{"code":"VALIDATION_ERROR","endpoint":"/auth/zalo/callback","level":"warn","message":"Business error: VALIDATION_ERROR Invalid or expired authorization code","service":"football-backend","statusCode":400,"timestamp":"2026-06-22T09:30:08.587Z"}
{"code":"auth-code-","level":"info","message":"Zalo OAuth callback initiated","service":"football-backend","timestamp":"2026-06-22T09:30:14.306Z"}
{"level":"info","message":"Zalo user info fetched","service":"football-backend","timestamp":"2026-06-22T09:30:14.311Z","zalo_user_id":"zuid-001"}
{"error":"Cannot read properties of undefined (reading 'where')","level":"warn","message":"Database query failed, proceeding with new user creation","service":"football-backend","timestamp":"2026-06-22T09:30:14.311Z"}
{"email":"newuser@example.com","level":"info","message":"New user detected, creating team and user","service":"football-backend","timestamp":"2026-06-22T09:30:14.311Z","zalo_user_id":"zuid-001"}
{"level":"info","message":"User authenticated successfully","service":"football-backend","team_id":1,"timestamp":"2026-06-22T09:30:14.311Z","user_id":1}
{"code":"auth-code-","level":"info","message":"Zalo OAuth callback initiated","service":"football-backend","timestamp":"2026-06-22T09:30:14.313Z"}
{"code":"VALIDATION_ERROR","endpoint":"/auth/zalo/callback","level":"warn","message":"Business error: VALIDATION_ERROR Invalid or expired authorization code","service":"football-backend","statusCode":400,"timestamp":"2026-06-22T09:30:14.313Z"}
{"level":"info","message":"Monthly reminder job started","service":"football-backend","timestamp":"2026-06-22T09:38:06.385Z"}
{"level":"info","message":"Monthly reminder job started","service":"football-backend","timestamp":"2026-06-22T09:38:19.246Z"}
{"count":2,"level":"info","message":"Teams fetched for reminder","service":"football-backend","timestamp":"2026-06-22T09:38:19.247Z"}
{"level":"info","message":"Processing team 1 with 2 active members","service":"football-backend","timestamp":"2026-06-22T09:38:19.247Z"}
{"level":"info","message":"Processing team 2 with 2 active members","service":"football-backend","timestamp":"2026-06-22T09:38:19.265Z"}
{"level":"info","message":"Monthly reminder job completed","service":"football-backend","timestamp":"2026-06-22T09:38:19.265Z","totalMessagesQueued":4}
{"level":"info","message":"Monthly reminder job started","service":"football-backend","timestamp":"2026-06-22T09:38:25.767Z"}
{"code":"auth-code-","level":"info","message":"Zalo OAuth callback initiated","service":"football-backend","timestamp":"2026-06-22T09:38:25.831Z"}
{"count":2,"level":"info","message":"Teams fetched for reminder","service":"football-backend","timestamp":"2026-06-22T09:38:25.771Z"}
{"level":"info","message":"Processing team 1 with 2 active members","service":"football-backend","timestamp":"2026-06-22T09:38:25.771Z"}
{"level":"info","message":"Processing team 2 with 2 active members","service":"football-backend","timestamp":"2026-06-22T09:38:25.779Z"}
{"level":"info","message":"Monthly reminder job completed","service":"football-backend","timestamp":"2026-06-22T09:38:25.779Z","totalMessagesQueued":4}
{"level":"info","message":"Zalo user info fetched","service":"football-backend","timestamp":"2026-06-22T09:38:25.833Z","zalo_user_id":"zuid-001"}
{"error":"Cannot read properties of undefined (reading 'where')","level":"warn","message":"Database query failed, proceeding with new user creation","service":"football-backend","timestamp":"2026-06-22T09:38:25.833Z"}
{"email":"newuser@example.com","level":"info","message":"New user detected, creating team and user","service":"football-backend","timestamp":"2026-06-22T09:38:25.833Z","zalo_user_id":"zuid-001"}
{"level":"info","message":"User authenticated successfully","service":"football-backend","team_id":1,"timestamp":"2026-06-22T09:38:25.833Z","user_id":1}
{"code":"auth-code-","level":"info","message":"Zalo OAuth callback initiated","service":"football-backend","timestamp":"2026-06-22T09:38:25.834Z"}
{"code":"VALIDATION_ERROR","endpoint":"/auth/zalo/callback","level":"warn","message":"Business error: VALIDATION_ERROR Invalid or expired authorization code","service":"football-backend","statusCode":400,"timestamp":"2026-06-22T09:38:25.834Z"}
{"endpoint":"/api/zalo/webhook","level":"error","message":"Unhandled error The \"key\" argument must be of type string or an instance of ArrayBuffer, Buffer, TypedArray, DataView, KeyObject, or CryptoKey. Received undefined","service":"football-backend","stack":"TypeError: The \"key\" argument must be of type string or an instance of ArrayBuffer, Buffer, TypedArray, DataView, KeyObject, or CryptoKey. Received undefined\n    at prepareSecretKey (node:internal/crypto/keys:761:11)\n    at new Hmac (node:internal/crypto/hash:168:9)\n    at Object.createHmac (node:crypto:169:10)\n    at createHmac (/Users/dung_tt/Desktop/Freelances/my_football_team/backend/src/handlers/zaloWebhookHandler.js:9:6)\n    at verifyZaloSignature (/Users/dung_tt/Desktop/Freelances/my_football_team/backend/src/handlers/zaloWebhookHandler.js:22:10)\n    at Object.zaloWebhookHandler (/Users/dung_tt/Desktop/Freelances/my_football_team/backend/tests/handlers/zaloWebhookHandler.test.js:31:11)\n    at Promise.finally.completed (/Users/dung_tt/Desktop/Freelances/my_football_team/backend/node_modules/jest-circus/build/jestAdapterInit.js:1561:28)\n    at new Promise (<anonymous>)\n    at callAsyncCircusFn (/Users/dung_tt/Desktop/Freelances/my_football_team/backend/node_modules/jest-circus/build/jestAdapterInit.js:1501:10)\n    at _callCircusTest (/Users/dung_tt/Desktop/Freelances/my_football_team/backend/node_modules/jest-circus/build/jestAdapterInit.js:1011:40)\n    at processTicksAndRejections (node:internal/process/task_queues:104:5)\n    at _runTest (/Users/dung_tt/Desktop/Freelances/my_football_team/backend/node_modules/jest-circus/build/jestAdapterInit.js:951:3)\n    at /Users/dung_tt/Desktop/Freelances/my_football_team/backend/node_modules/jest-circus/build/jestAdapterInit.js:853:7\n    at _runTestsForDescribeBlock (/Users/dung_tt/Desktop/Freelances/my_football_team/backend/node_modules/jest-circus/build/jestAdapterInit.js:866:11)\n    at _runTestsForDescribeBlock (/Users/dung_tt/Desktop/Freelances/my_football_team/backend/node_modules/jest-circus/build/jestAdapterInit.js:861:11)\n    at run (/Users/dung_tt/Desktop/Freelances/my_football_team/backend/node_modules/jest-circus/build/jestAdapterInit.js:765:3)\n    at runAndTransformResultsToJestFormat (/Users/dung_tt/Desktop/Freelances/my_football_team/backend/node_modules/jest-circus/build/jestAdapterInit.js:1993:21)\n    at jestAdapter (/Users/dung_tt/Desktop/Freelances/my_football_team/backend/node_modules/jest-circus/build/runner.js:111:19)\n    at runTestInternal (/Users/dung_tt/Desktop/Freelances/my_football_team/backend/node_modules/jest-runner/build/index.js:276:16)\n    at runTest (/Users/dung_tt/Desktop/Freelances/my_football_team/backend/node_modules/jest-runner/build/index.js:344:7)","timestamp":"2026-06-22T09:40:05.135Z"}
{"endpoint":"/api/zalo/webhook","level":"error","message":"Unhandled error The \"key\" argument must be of type string or an instance of ArrayBuffer, Buffer, TypedArray, DataView, KeyObject, or CryptoKey. Received undefined","service":"football-backend","stack":"TypeError: The \"key\" argument must be of type string or an instance of ArrayBuffer, Buffer, TypedArray, DataView, KeyObject, or CryptoKey. Received undefined\n    at prepareSecretKey (node:internal/crypto/keys:761:11)\n    at new Hmac (node:internal/crypto/hash:168:9)\n    at Object.createHmac (node:crypto:169:10)\n    at createHmac (/Users/dung_tt/Desktop/Freelances/my_football_team/backend/src/handlers/zaloWebhookHandler.js:9:6)\n    at verifyZaloSignature (/Users/dung_tt/Desktop/Freelances/my_football_team/backend/src/handlers/zaloWebhookHandler.js:22:10)\n    at Object.zaloWebhookHandler (/Users/dung_tt/Desktop/Freelances/my_football_team/backend/tests/handlers/zaloWebhookHandler.test.js:41:11)\n    at Promise.finally.completed (/Users/dung_tt/Desktop/Freelances/my_football_team/backend/node_modules/jest-circus/build/jestAdapterInit.js:1561:28)\n    at new Promise (<anonymous>)\n    at callAsyncCircusFn (/Users/dung_tt/Desktop/Freelances/my_football_team/backend/node_modules/jest-circus/build/jestAdapterInit.js:1501:10)\n    at _callCircusTest (/Users/dung_tt/Desktop/Freelances/my_football_team/backend/node_modules/jest-circus/build/jestAdapterInit.js:1011:40)\n    at processTicksAndRejections (node:internal/process/task_queues:104:5)\n    at _runTest (/Users/dung_tt/Desktop/Freelances/my_football_team/backend/node_modules/jest-circus/build/jestAdapterInit.js:951:3)\n    at /Users/dung_tt/Desktop/Freelances/my_football_team/backend/node_modules/jest-circus/build/jestAdapterInit.js:853:7\n    at _runTestsForDescribeBlock (/Users/dung_tt/Desktop/Freelances/my_football_team/backend/node_modules/jest-circus/build/jestAdapterInit.js:866:11)\n    at _runTestsForDescribeBlock (/Users/dung_tt/Desktop/Freelances/my_football_team/backend/node_modules/jest-circus/build/jestAdapterInit.js:861:11)\n    at run (/Users/dung_tt/Desktop/Freelances/my_football_team/backend/node_modules/jest-circus/build/jestAdapterInit.js:765:3)\n    at runAndTransformResultsToJestFormat (/Users/dung_tt/Desktop/Freelances/my_football_team/backend/node_modules/jest-circus/build/jestAdapterInit.js:1993:21)\n    at jestAdapter (/Users/dung_tt/Desktop/Freelances/my_football_team/backend/node_modules/jest-circus/build/runner.js:111:19)\n    at runTestInternal (/Users/dung_tt/Desktop/Freelances/my_football_team/backend/node_modules/jest-runner/build/index.js:276:16)\n    at runTest (/Users/dung_tt/Desktop/Freelances/my_football_team/backend/node_modules/jest-runner/build/index.js:344:7)","timestamp":"2026-06-22T09:40:05.137Z"}
{"event":"follow","level":"info","message":"Zalo webhook received","service":"football-backend","timestamp":"2026-06-22T09:40:14.610Z"}
{"level":"info","message":"User followed OA","service":"football-backend","timestamp":"2026-06-22T09:40:14.610Z","zalo_user_id":"zuid-001"}
{"level":"info","message":"Database not available, skipping user creation","service":"football-backend","timestamp":"2026-06-22T09:40:14.611Z"}
{"level":"warn","message":"Invalid Zalo webhook signature","service":"football-backend","timestamp":"2026-06-22T09:40:14.611Z"}
{"level":"info","message":"Monthly reminder job started","service":"football-backend","timestamp":"2026-06-22T09:40:19.617Z"}
{"event":"follow","level":"info","message":"Zalo webhook received","service":"football-backend","timestamp":"2026-06-22T09:40:19.661Z"}
{"count":2,"level":"info","message":"Teams fetched for reminder","service":"football-backend","timestamp":"2026-06-22T09:40:19.622Z"}
{"level":"info","message":"Processing team 1 with 2 active members","service":"football-backend","timestamp":"2026-06-22T09:40:19.622Z"}
{"level":"info","message":"Processing team 2 with 2 active members","service":"football-backend","timestamp":"2026-06-22T09:40:19.630Z"}
{"level":"info","message":"Monthly reminder job completed","service":"football-backend","timestamp":"2026-06-22T09:40:19.630Z","totalMessagesQueued":4}
{"level":"info","message":"User followed OA","service":"football-backend","timestamp":"2026-06-22T09:40:19.662Z","zalo_user_id":"zuid-001"}
{"level":"info","message":"Database not available, skipping user creation","service":"football-backend","timestamp":"2026-06-22T09:40:19.662Z"}
{"level":"warn","message":"Invalid Zalo webhook signature","service":"football-backend","timestamp":"2026-06-22T09:40:19.662Z"}
{"code":"auth-code-","level":"info","message":"Zalo OAuth callback initiated","service":"football-backend","timestamp":"2026-06-22T09:40:19.714Z"}
{"level":"info","message":"Zalo user info fetched","service":"football-backend","timestamp":"2026-06-22T09:40:19.715Z","zalo_user_id":"zuid-001"}
{"error":"Cannot read properties of undefined (reading 'where')","level":"warn","message":"Database query failed, proceeding with new user creation","service":"football-backend","timestamp":"2026-06-22T09:40:19.715Z"}
{"email":"newuser@example.com","level":"info","message":"New user detected, creating team and user","service":"football-backend","timestamp":"2026-06-22T09:40:19.715Z","zalo_user_id":"zuid-001"}
{"level":"info","message":"User authenticated successfully","service":"football-backend","team_id":1,"timestamp":"2026-06-22T09:40:19.716Z","user_id":1}
{"code":"auth-code-","level":"info","message":"Zalo OAuth callback initiated","service":"football-backend","timestamp":"2026-06-22T09:40:19.716Z"}
{"code":"VALIDATION_ERROR","endpoint":"/auth/zalo/callback","level":"warn","message":"Business error: VALIDATION_ERROR Invalid or expired authorization code","service":"football-backend","statusCode":400,"timestamp":"2026-06-22T09:40:19.716Z"}
{"event":"follow","level":"info","message":"Zalo webhook received","service":"football-backend","timestamp":"2026-06-22T09:41:36.966Z"}
{"level":"info","message":"User followed OA","service":"football-backend","timestamp":"2026-06-22T09:41:36.967Z","zalo_user_id":"zuid-001"}
{"level":"info","message":"Database not available, skipping user creation","service":"football-backend","timestamp":"2026-06-22T09:41:36.967Z"}
{"level":"warn","message":"Invalid Zalo webhook signature","service":"football-backend","timestamp":"2026-06-22T09:41:36.968Z"}
{"event":"follow","level":"info","message":"Zalo webhook received","service":"football-backend","timestamp":"2026-06-22T09:42:22.827Z"}
{"level":"info","message":"User followed OA","service":"football-backend","timestamp":"2026-06-22T09:42:22.830Z","zalo_user_id":"zuid-001"}
{"level":"info","message":"Database not available, skipping user creation","service":"football-backend","timestamp":"2026-06-22T09:42:22.831Z"}
{"level":"warn","message":"Invalid Zalo webhook signature","service":"football-backend","timestamp":"2026-06-22T09:42:22.831Z"}
{"level":"info","message":"Monthly reminder job started","service":"football-backend","timestamp":"2026-06-22T09:42:22.910Z"}
{"count":2,"level":"info","message":"Teams fetched for reminder","service":"football-backend","timestamp":"2026-06-22T09:42:22.911Z"}
{"level":"info","message":"Processing team 1 with 2 active members","service":"football-backend","timestamp":"2026-06-22T09:42:22.911Z"}
{"level":"info","message":"Processing team 2 with 2 active members","service":"football-backend","timestamp":"2026-06-22T09:42:22.919Z"}
{"level":"info","message":"Monthly reminder job completed","service":"football-backend","timestamp":"2026-06-22T09:42:22.919Z","totalMessagesQueued":4}
{"code":"auth-code-","level":"info","message":"Zalo OAuth callback initiated","service":"football-backend","timestamp":"2026-06-22T09:42:22.958Z"}
{"level":"info","message":"Zalo user info fetched","service":"football-backend","timestamp":"2026-06-22T09:42:22.959Z","zalo_user_id":"zuid-001"}
{"error":"Cannot read properties of undefined (reading 'where')","level":"warn","message":"Database query failed, proceeding with new user creation","service":"football-backend","timestamp":"2026-06-22T09:42:22.959Z"}
{"email":"newuser@example.com","level":"info","message":"New user detected, creating team and user","service":"football-backend","timestamp":"2026-06-22T09:42:22.959Z","zalo_user_id":"zuid-001"}
{"level":"info","message":"User authenticated successfully","service":"football-backend","team_id":1,"timestamp":"2026-06-22T09:42:22.959Z","user_id":1}
{"code":"auth-code-","level":"info","message":"Zalo OAuth callback initiated","service":"football-backend","timestamp":"2026-06-22T09:42:22.960Z"}
{"code":"VALIDATION_ERROR","endpoint":"/auth/zalo/callback","level":"warn","message":"Business error: VALIDATION_ERROR Invalid or expired authorization code","service":"football-backend","statusCode":400,"timestamp":"2026-06-22T09:42:22.960Z"}
{"level":"info","message":"Monthly reminder job started","service":"football-backend","timestamp":"2026-06-22T10:25:52.863Z"}
{"count":2,"level":"info","message":"Teams fetched for reminder","service":"football-backend","timestamp":"2026-06-22T10:25:52.864Z"}
{"level":"info","message":"Leaderboard archived for team","month":"2026-05","service":"football-backend","team_id":1,"timestamp":"2026-06-22T10:25:52.864Z","top_3_count":3}
{"level":"info","message":"Current leaderboard fetched","month":"2026-06","service":"football-backend","team_id":1,"timestamp":"2026-06-22T10:25:52.864Z","top_3_count":3}
{"level":"info","message":"Processing team 1 with 2 active members for leaderboard notification","service":"football-backend","timestamp":"2026-06-22T10:25:52.865Z"}
{"level":"info","member_id":1,"message":"Leaderboard summary sent to member","service":"football-backend","team_id":1,"timestamp":"2026-06-22T10:25:52.865Z","zalo_user_id":"zuid-001"}
{"level":"info","member_id":2,"message":"Leaderboard summary sent to member","service":"football-backend","team_id":1,"timestamp":"2026-06-22T10:25:52.865Z","zalo_user_id":"zuid-002"}
{"level":"info","message":"Leaderboard archived for team","month":"2026-05","service":"football-backend","team_id":2,"timestamp":"2026-06-22T10:25:52.885Z","top_3_count":3}
{"level":"info","message":"Current leaderboard fetched","month":"2026-06","service":"football-backend","team_id":2,"timestamp":"2026-06-22T10:25:52.885Z","top_3_count":3}
{"level":"info","message":"Processing team 2 with 2 active members for leaderboard notification","service":"football-backend","timestamp":"2026-06-22T10:25:52.886Z"}
{"level":"info","member_id":1,"message":"Leaderboard summary sent to member","service":"football-backend","team_id":2,"timestamp":"2026-06-22T10:25:52.886Z","zalo_user_id":"zuid-001"}
{"level":"info","member_id":2,"message":"Leaderboard summary sent to member","service":"football-backend","team_id":2,"timestamp":"2026-06-22T10:25:52.886Z","zalo_user_id":"zuid-002"}
{"leaderboardsArchived":2,"level":"info","message":"Monthly reminder job completed","notificationsSent":8,"service":"football-backend","teamsProcessed":2,"timestamp":"2026-06-22T10:25:52.886Z"}
